16:41:06.890 [main] INFO  java.lang.Class - Constructing a cloud model...
16:41:07.355 [main] INFO  java.lang.Class - Created one processing element: List(PeSimple -1: FREE)
16:41:07.544 [main] INFO  java.lang.Class - Created one host: List(Host -1)
16:41:07.587 [main] INFO  java.lang.Class - Created one virtual machine: List(Vm -1)
16:41:07.595 [main] INFO  java.lang.Class - Created a list of cloudlets: List(Cloudlet -1, Cloudlet -1)
16:41:07.596 [main] INFO  java.lang.Class - Starting cloud simulation...
16:41:07.596 [main] INFO  CloudSim - 
================== Starting CloudSim Plus 6.4.3 ==================

16:41:07.600 [main] INFO  DatacenterBroker - DatacenterBrokerSimple1 is starting...
16:41:07.606 [main] INFO  Datacenter - 0.00: DatacenterSimple2 is starting...
16:41:07.606 [main] INFO  CloudSim - Entities started.
16:41:07.615 [main] INFO  DatacenterBroker - 0.00: DatacenterBrokerSimple1: List of 1 datacenters(s) received.
16:41:07.618 [main] INFO  DatacenterBroker - 0.00: DatacenterBrokerSimple1: Trying to create Vm 0 in DatacenterSimple2
16:41:07.639 [main] INFO  VmAllocationPolicy - 0.00: VmAllocationPolicySimple: Vm 0 has been allocated to Host 0/DC 2
16:41:07.644 [main] INFO  DatacenterBroker - 0.10: DatacenterBrokerSimple1: Sending Cloudlet 0 to Vm 0 in Host 0/DC 2.
16:41:07.646 [main] INFO  DatacenterBroker - 0.10: DatacenterBrokerSimple1: Sending Cloudlet 1 to Vm 0 in Host 0/DC 2.
16:41:07.653 [main] INFO  DatacenterBroker - 0.10: DatacenterBrokerSimple1: All 2 waiting Cloudlets submitted to some VM.
16:41:07.676 [main] INFO  DatacenterBroker - 40.11: DatacenterBrokerSimple1: Cloudlet 0 finished in Vm 0 and returned to broker.
16:41:07.681 [main] INFO  DatacenterBroker - 40.11: DatacenterBrokerSimple1: Cloudlet 1 finished in Vm 0 and returned to broker.
16:41:07.686 [main] INFO  CloudSim - 40.22: Processing last events before simulation shutdown.
16:41:07.690 [main] INFO  DatacenterBroker - 40.22: DatacenterBrokerSimple1 is shutting down...
16:41:07.691 [main] INFO  DatacenterBroker - 40.22: DatacenterBrokerSimple1: Requesting Vm 0 destruction.
16:41:07.698 [main] INFO  Datacenter - 40.22: DatacenterSimple: Vm 0 destroyed on Host 0/DC 2. 
16:41:07.699 [main] INFO  CloudSim - Simulation: No more future events

16:41:07.700 [main] INFO  CloudInformationService - CloudInformationService0: Notify all CloudSim Plus entities to shutdown.

16:41:07.702 [main] INFO  CloudSim - 
================== Simulation finished at time 40.22 ==================

16:41:07.785 [main] INFO  java.lang.Class - Finished cloud simulation...
16:51:14.492 [main] INFO  CloudSim - 
================== Starting CloudSim Plus 6.4.3 ==================

16:51:14.496 [main] INFO  DatacenterBroker - DatacenterBrokerSimple1 is starting...
16:51:14.498 [main] INFO  Datacenter - 0.00: DatacenterSimple2 is starting...
16:51:14.499 [main] INFO  CloudSim - Entities started.
16:51:14.503 [main] INFO  DatacenterBroker - 0.00: DatacenterBrokerSimple1: List of 1 datacenters(s) received.
16:51:14.503 [main] INFO  DatacenterBroker - 0.00: DatacenterBrokerSimple1: Trying to create Vm 0 in DatacenterSimple2
16:51:14.511 [main] INFO  VmAllocationPolicy - 0.00: VmAllocationPolicySimple: Vm 0 has been allocated to Host 0/DC 2
16:51:14.513 [main] INFO  DatacenterBroker - 0.10: DatacenterBrokerSimple1: Sending Cloudlet 0 to Vm 0 in Host 0/DC 2.
16:51:14.514 [main] INFO  DatacenterBroker - 0.10: DatacenterBrokerSimple1: Sending Cloudlet 1 to Vm 0 in Host 0/DC 2.
16:51:14.515 [main] INFO  DatacenterBroker - 0.10: DatacenterBrokerSimple1: All 2 waiting Cloudlets submitted to some VM.
16:51:14.526 [main] INFO  DatacenterBroker - 40.11: DatacenterBrokerSimple1: Cloudlet 0 finished in Vm 0 and returned to broker.
16:51:14.526 [main] INFO  DatacenterBroker - 40.11: DatacenterBrokerSimple1: Cloudlet 1 finished in Vm 0 and returned to broker.
16:51:14.528 [main] INFO  CloudSim - 40.22: Processing last events before simulation shutdown.
16:51:14.529 [main] INFO  DatacenterBroker - 40.22: DatacenterBrokerSimple1 is shutting down...
16:51:14.529 [main] INFO  DatacenterBroker - 40.22: DatacenterBrokerSimple1: Requesting Vm 0 destruction.
16:51:14.533 [main] INFO  Datacenter - 40.22: DatacenterSimple: Vm 0 destroyed on Host 0/DC 2. 
16:51:14.533 [main] INFO  CloudSim - Simulation: No more future events

16:51:14.534 [main] INFO  CloudInformationService - CloudInformationService0: Notify all CloudSim Plus entities to shutdown.

16:51:14.535 [main] INFO  CloudSim - 
================== Simulation finished at time 40.22 ==================

16:51:14.561 [main] INFO  java.lang.Class - Finished cloud simulation...
16:51:14.562 [main] INFO  java.lang.Class - Constructing a cloud model...
16:52:00.181 [main] INFO  CloudSim - 
================== Starting CloudSim Plus 6.4.3 ==================

16:52:00.185 [main] INFO  DatacenterBroker - DatacenterBrokerSimple1 is starting...
16:52:00.187 [main] INFO  Datacenter - 0.00: DatacenterSimple2 is starting...
16:52:00.188 [main] INFO  CloudSim - Entities started.
16:52:00.192 [main] INFO  DatacenterBroker - 0.00: DatacenterBrokerSimple1: List of 1 datacenters(s) received.
16:52:00.193 [main] INFO  DatacenterBroker - 0.00: DatacenterBrokerSimple1: Trying to create Vm 0 in DatacenterSimple2
16:52:00.203 [main] INFO  VmAllocationPolicy - 0.00: VmAllocationPolicySimple: Vm 0 has been allocated to Host 0/DC 2
16:52:00.204 [main] INFO  DatacenterBroker - 0.10: DatacenterBrokerSimple1: Sending Cloudlet 0 to Vm 0 in Host 0/DC 2.
16:52:00.205 [main] INFO  DatacenterBroker - 0.10: DatacenterBrokerSimple1: Sending Cloudlet 1 to Vm 0 in Host 0/DC 2.
16:52:00.206 [main] INFO  DatacenterBroker - 0.10: DatacenterBrokerSimple1: All 2 waiting Cloudlets submitted to some VM.
16:52:00.217 [main] INFO  DatacenterBroker - 40.11: DatacenterBrokerSimple1: Cloudlet 0 finished in Vm 0 and returned to broker.
16:52:00.218 [main] INFO  DatacenterBroker - 40.11: DatacenterBrokerSimple1: Cloudlet 1 finished in Vm 0 and returned to broker.
16:52:00.221 [main] INFO  CloudSim - 40.22: Processing last events before simulation shutdown.
16:52:00.221 [main] INFO  DatacenterBroker - 40.22: DatacenterBrokerSimple1 is shutting down...
16:52:00.222 [main] INFO  DatacenterBroker - 40.22: DatacenterBrokerSimple1: Requesting Vm 0 destruction.
16:52:00.226 [main] INFO  Datacenter - 40.22: DatacenterSimple: Vm 0 destroyed on Host 0/DC 2. 
16:52:00.227 [main] INFO  CloudSim - Simulation: No more future events

16:52:00.228 [main] INFO  CloudInformationService - CloudInformationService0: Notify all CloudSim Plus entities to shutdown.

16:52:00.229 [main] INFO  CloudSim - 
================== Simulation finished at time 40.22 ==================

16:52:00.258 [main] INFO  java.lang.Class - Finished cloud simulation...
16:52:00.258 [main] INFO  java.lang.Class - Constructing a cloud model...
16:52:23.708 [main] INFO  java.lang.Class - Constructing a cloud model...
16:52:23.878 [main] INFO  java.lang.Class - Created one processing element: List(PeSimple -1: FREE)
16:52:23.917 [main] INFO  java.lang.Class - Created one host: List(Host -1)
16:52:23.955 [main] INFO  java.lang.Class - Created one virtual machine: List(Vm -1)
16:52:23.966 [main] INFO  java.lang.Class - Created a list of cloudlets: List(Cloudlet -1, Cloudlet -1)
16:52:23.966 [main] INFO  java.lang.Class - Starting cloud simulation...
16:52:23.966 [main] INFO  CloudSim - 
================== Starting CloudSim Plus 6.4.3 ==================

16:52:23.971 [main] INFO  DatacenterBroker - DatacenterBrokerSimple1 is starting...
16:52:23.973 [main] INFO  Datacenter - 0.00: DatacenterSimple2 is starting...
16:52:23.973 [main] INFO  CloudSim - Entities started.
16:52:23.983 [main] INFO  DatacenterBroker - 0.00: DatacenterBrokerSimple1: List of 1 datacenters(s) received.
16:52:23.984 [main] INFO  DatacenterBroker - 0.00: DatacenterBrokerSimple1: Trying to create Vm 0 in DatacenterSimple2
16:52:24.003 [main] INFO  VmAllocationPolicy - 0.00: VmAllocationPolicySimple: Vm 0 has been allocated to Host 0/DC 2
16:52:24.004 [main] INFO  DatacenterBroker - 0.10: DatacenterBrokerSimple1: Sending Cloudlet 0 to Vm 0 in Host 0/DC 2.
16:52:24.005 [main] INFO  DatacenterBroker - 0.10: DatacenterBrokerSimple1: Sending Cloudlet 1 to Vm 0 in Host 0/DC 2.
16:52:24.005 [main] INFO  DatacenterBroker - 0.10: DatacenterBrokerSimple1: All 2 waiting Cloudlets submitted to some VM.
16:52:24.030 [main] INFO  DatacenterBroker - 40.11: DatacenterBrokerSimple1: Cloudlet 0 finished in Vm 0 and returned to broker.
16:52:24.031 [main] INFO  DatacenterBroker - 40.11: DatacenterBrokerSimple1: Cloudlet 1 finished in Vm 0 and returned to broker.
16:52:24.036 [main] INFO  CloudSim - 40.22: Processing last events before simulation shutdown.
16:52:24.036 [main] INFO  DatacenterBroker - 40.22: DatacenterBrokerSimple1 is shutting down...
16:52:24.036 [main] INFO  DatacenterBroker - 40.22: DatacenterBrokerSimple1: Requesting Vm 0 destruction.
16:52:24.043 [main] INFO  Datacenter - 40.22: DatacenterSimple: Vm 0 destroyed on Host 0/DC 2. 
16:52:24.044 [main] INFO  CloudSim - Simulation: No more future events

16:52:24.046 [main] INFO  CloudInformationService - CloudInformationService0: Notify all CloudSim Plus entities to shutdown.

16:52:24.048 [main] INFO  CloudSim - 
================== Simulation finished at time 40.22 ==================

16:52:24.107 [main] INFO  java.lang.Class - Finished cloud simulation...
16:52:56.844 [main] INFO  java.lang.Class - Constructing a cloud model...
16:52:56.846 [main] INFO  java.lang.Class - Finished cloud simulation...
16:52:56.905 [main] INFO  CloudSim - 
================== Starting CloudSim Plus 6.4.3 ==================

16:52:56.908 [main] INFO  DatacenterBroker - DatacenterBrokerSimple1 is starting...
16:52:56.909 [main] INFO  Datacenter - 0.00: DatacenterSimple2 is starting...
16:52:56.910 [main] INFO  CloudSim - Entities started.
16:52:56.914 [main] INFO  DatacenterBroker - 0.00: DatacenterBrokerSimple1: List of 1 datacenters(s) received.
16:52:56.915 [main] INFO  DatacenterBroker - 0.00: DatacenterBrokerSimple1: Trying to create Vm 0 in DatacenterSimple2
16:52:56.924 [main] INFO  VmAllocationPolicy - 0.00: VmAllocationPolicySimple: Vm 0 has been allocated to Host 0/DC 2
16:52:56.925 [main] INFO  DatacenterBroker - 0.10: DatacenterBrokerSimple1: Sending Cloudlet 0 to Vm 0 in Host 0/DC 2.
16:52:56.926 [main] INFO  DatacenterBroker - 0.10: DatacenterBrokerSimple1: Sending Cloudlet 1 to Vm 0 in Host 0/DC 2.
16:52:56.927 [main] INFO  DatacenterBroker - 0.10: DatacenterBrokerSimple1: All 2 waiting Cloudlets submitted to some VM.
16:52:56.942 [main] INFO  DatacenterBroker - 40.11: DatacenterBrokerSimple1: Cloudlet 0 finished in Vm 0 and returned to broker.
16:52:56.943 [main] INFO  DatacenterBroker - 40.11: DatacenterBrokerSimple1: Cloudlet 1 finished in Vm 0 and returned to broker.
16:52:56.946 [main] INFO  CloudSim - 40.22: Processing last events before simulation shutdown.
16:52:56.946 [main] INFO  DatacenterBroker - 40.22: DatacenterBrokerSimple1 is shutting down...
16:52:56.947 [main] INFO  DatacenterBroker - 40.22: DatacenterBrokerSimple1: Requesting Vm 0 destruction.
16:52:56.952 [main] INFO  Datacenter - 40.22: DatacenterSimple: Vm 0 destroyed on Host 0/DC 2. 
16:52:56.952 [main] INFO  CloudSim - Simulation: No more future events

16:52:56.954 [main] INFO  CloudInformationService - CloudInformationService0: Notify all CloudSim Plus entities to shutdown.

16:52:56.955 [main] INFO  CloudSim - 
================== Simulation finished at time 40.22 ==================

17:05:53.870 [main] INFO  java.lang.Class - Constructing a cloud model...
17:05:53.872 [main] INFO  java.lang.Class - Finished cloud simulation...
17:05:53.942 [main] INFO  CloudSim - 
================== Starting CloudSim Plus 6.4.3 ==================

17:05:53.946 [main] INFO  Datacenter - 0.00: DatacenterSimple1 is starting...
17:05:53.949 [main] INFO  DatacenterBroker - DatacenterBrokerSimple2 is starting...
17:05:53.950 [main] INFO  CloudSim - Entities started.
17:05:53.958 [main] INFO  DatacenterBroker - 0.00: DatacenterBrokerSimple2: List of 1 datacenters(s) received.
17:05:53.959 [main] INFO  DatacenterBroker - 0.00: DatacenterBrokerSimple2: Trying to create Vm 0 in DatacenterSimple1
17:05:53.960 [main] INFO  DatacenterBroker - 0.00: DatacenterBrokerSimple2: Trying to create Vm 1 in DatacenterSimple1
17:05:53.968 [main] INFO  VmAllocationPolicy - 0.00: VmAllocationPolicySimple: Vm 0 has been allocated to Host 0/DC 1
17:05:53.970 [main] INFO  VmAllocationPolicy - 0.00: VmAllocationPolicySimple: Vm 1 has been allocated to Host 0/DC 1
17:05:53.971 [main] INFO  DatacenterBroker - 0.10: DatacenterBrokerSimple2: Sending Cloudlet 0 to Vm 0 in Host 0/DC 1.
17:05:53.972 [main] INFO  DatacenterBroker - 0.10: DatacenterBrokerSimple2: Sending Cloudlet 1 to Vm 1 in Host 0/DC 1.
17:05:53.973 [main] INFO  DatacenterBroker - 0.10: DatacenterBrokerSimple2: Sending Cloudlet 2 to Vm 0 in Host 0/DC 1.
17:05:53.973 [main] INFO  DatacenterBroker - 0.10: DatacenterBrokerSimple2: Sending Cloudlet 3 to Vm 1 in Host 0/DC 1.
17:05:53.974 [main] INFO  DatacenterBroker - 0.10: DatacenterBrokerSimple2: All 4 waiting Cloudlets submitted to some VM.
17:05:53.994 [main] INFO  DatacenterBroker - 20.11: DatacenterBrokerSimple2: Cloudlet 0 finished in Vm 0 and returned to broker.
17:05:53.995 [main] INFO  DatacenterBroker - 20.11: DatacenterBrokerSimple2: Cloudlet 2 finished in Vm 0 and returned to broker.
17:05:53.996 [main] INFO  DatacenterBroker - 20.11: DatacenterBrokerSimple2: Cloudlet 1 finished in Vm 1 and returned to broker.
17:05:53.999 [main] INFO  DatacenterBroker - 20.11: DatacenterBrokerSimple2: Cloudlet 3 finished in Vm 1 and returned to broker.
17:05:54.002 [main] INFO  CloudSim - 20.22: Processing last events before simulation shutdown.
17:05:54.004 [main] INFO  DatacenterBroker - 20.22: DatacenterBrokerSimple2 is shutting down...
17:05:54.004 [main] INFO  DatacenterBroker - 20.22: DatacenterBrokerSimple2: Requesting Vm 1 destruction.
17:05:54.005 [main] INFO  DatacenterBroker - 20.22: DatacenterBrokerSimple2: Requesting Vm 0 destruction.
17:05:54.011 [main] INFO  Datacenter - 20.22: DatacenterSimple: Vm 1 destroyed on Host 0/DC 1. 
17:05:54.013 [main] INFO  Datacenter - 20.22: DatacenterSimple: Vm 0 destroyed on Host 0/DC 1. 
17:05:54.013 [main] INFO  CloudSim - Simulation: No more future events

17:05:54.015 [main] INFO  CloudInformationService - CloudInformationService0: Notify all CloudSim Plus entities to shutdown.

17:05:54.016 [main] INFO  CloudSim - 
================== Simulation finished at time 20.22 ==================

