14:18:30.875 [main] INFO  java.lang.Class - Constructing a cloud model...
14:18:31.159 [main] INFO  java.lang.Class - Finished cloud simulation...
15:31:38.774 [main] INFO  java.lang.Class - Constructing a cloud model...
15:31:38.959 [main] INFO  java.lang.Class - Created one processing element: List(PeSimple -1: FREE)
15:31:38.960 [main] INFO  java.lang.Class - Finished cloud simulation...
15:38:04.982 [main] INFO  java.lang.Class - Constructing a cloud model...
15:38:05.457 [main] INFO  java.lang.Class - Created one processing element: List(PeSimple -1: FREE)
15:38:05.492 [main] INFO  java.lang.Class - Created one host: List(Host -1)
15:38:05.604 [main] INFO  java.lang.Class - Created one virtual machine: List(Vm -1)
15:38:05.673 [main] INFO  java.lang.Class - Created a list of cloudlets: List(Cloudlet -1, Cloudlet -1)
15:38:05.684 [main] INFO  java.lang.Class - Starting cloud simulation...
15:38:05.687 [main] INFO  CloudSim - 
================== Starting CloudSim Plus 6.4.3 ==================

15:38:05.702 [main] INFO  DatacenterBroker - DatacenterBrokerSimple1 is starting...
15:38:05.711 [main] INFO  Datacenter - 0.00: DatacenterSimple2 is starting...
15:38:05.711 [main] INFO  CloudSim - Entities started.
15:38:05.719 [main] INFO  DatacenterBroker - 0.00: DatacenterBrokerSimple1: List of 1 datacenters(s) received.
15:38:05.720 [main] INFO  DatacenterBroker - 0.00: DatacenterBrokerSimple1: Trying to create Vm 0 in DatacenterSimple2
15:38:05.759 [main] INFO  VmAllocationPolicy - 0.00: VmAllocationPolicySimple: Vm 0 has been allocated to Host 0/DC 2
15:38:05.762 [main] INFO  DatacenterBroker - 0.10: DatacenterBrokerSimple1: Sending Cloudlet 0 to Vm 0 in Host 0/DC 2.
15:38:05.763 [main] INFO  DatacenterBroker - 0.10: DatacenterBrokerSimple1: Sending Cloudlet 1 to Vm 0 in Host 0/DC 2.
15:38:05.767 [main] INFO  DatacenterBroker - 0.10: DatacenterBrokerSimple1: All 2 waiting Cloudlets submitted to some VM.
15:38:05.799 [main] INFO  DatacenterBroker - 40.11: DatacenterBrokerSimple1: Cloudlet 0 finished in Vm 0 and returned to broker.
15:38:05.800 [main] INFO  DatacenterBroker - 40.11: DatacenterBrokerSimple1: Cloudlet 1 finished in Vm 0 and returned to broker.
15:38:05.806 [main] INFO  CloudSim - 40.22: Processing last events before simulation shutdown.
15:38:05.812 [main] INFO  DatacenterBroker - 40.22: DatacenterBrokerSimple1 is shutting down...
15:38:05.814 [main] INFO  DatacenterBroker - 40.22: DatacenterBrokerSimple1: Requesting Vm 0 destruction.
15:38:05.823 [main] INFO  Datacenter - 40.22: DatacenterSimple: Vm 0 destroyed on Host 0/DC 2. 
15:38:05.824 [main] INFO  CloudSim - Simulation: No more future events

15:38:05.825 [main] INFO  CloudInformationService - CloudInformationService0: Notify all CloudSim Plus entities to shutdown.

15:38:05.826 [main] INFO  CloudSim - 
================== Simulation finished at time 40.22 ==================

15:38:05.937 [main] INFO  java.lang.Class - Finished cloud simulation...
